c:\users\larsoe4\documents\shiny-tribble\shiny-tribble\debug\vc140.pdb
c:\users\larsoe4\documents\shiny-tribble\shiny-tribble\debug\vc140.idb
c:\users\larsoe4\documents\shiny-tribble\shiny-tribble\debug\main.obj
c:\users\larsoe4\documents\shiny-tribble\shiny-tribble\debug\timer.obj
c:\users\larsoe4\documents\shiny-tribble\shiny-tribble\debug\gamestate.obj
c:\users\larsoe4\documents\shiny-tribble\shiny-tribble\debug\gameenvironment.obj
c:\users\larsoe4\documents\shiny-tribble\shiny-tribble\debug\gameworld.obj
c:\users\larsoe4\documents\shiny-tribble\shiny-tribble\debug\entity.obj
c:\users\larsoe4\documents\shiny-tribble\shiny-tribble\debug\mainmenustate.obj
c:\users\larsoe4\documents\shiny-tribble\shiny-tribble\debug\texture.obj
c:\users\larsoe4\documents\shiny-tribble\shiny-tribble\debug\graphics.obj
c:\users\larsoe4\documents\shiny-tribble\shiny-tribble\debug\uiparsing.obj
c:\users\larsoe4\documents\shiny-tribble\shiny-tribble\debug\button.obj
c:\users\larsoe4\documents\shiny-tribble\shiny-tribble\debug\ui.obj
c:\users\larsoe4\documents\shiny-tribble\shiny-tribble\debug\uielement.obj
c:\users\larsoe4\documents\shiny-tribble\shiny-tribble\debug\textbox.obj
c:\users\larsoe4\documents\shiny-tribble\shiny-tribble\debug\loggingservice.obj
c:\users\larsoe4\documents\shiny-tribble\shiny-tribble\debug\audioservice.obj
c:\users\larsoe4\documents\shiny-tribble\shiny-tribble\debug\serviceprovider.obj
c:\users\larsoe4\documents\shiny-tribble\shiny-tribble\debug\videoservice.obj
c:\users\larsoe4\documents\shiny-tribble\shiny-tribble\debug\dynamicatlas.obj
c:\users\larsoe4\documents\shiny-tribble\shiny-tribble\debug\common.obj
c:\users\larsoe4\documents\shiny-tribble\shiny-tribble\debug\physicslogic.obj
c:\users\larsoe4\documents\shiny-tribble\shiny-tribble\debug\engine.obj
c:\users\larsoe4\documents\shiny-tribble\shiny-tribble\debug\parallaxtexture.obj
c:\users\larsoe4\documents\shiny-tribble\debug\shiny-tribble.pdb
c:\users\larsoe4\documents\shiny-tribble\shiny-tribble\debug\shiny-tribble.tlog\cl.command.1.tlog
c:\users\larsoe4\documents\shiny-tribble\shiny-tribble\debug\shiny-tribble.tlog\cl.read.1.tlog
c:\users\larsoe4\documents\shiny-tribble\shiny-tribble\debug\shiny-tribble.tlog\cl.write.1.tlog
c:\users\larsoe4\documents\shiny-tribble\shiny-tribble\debug\shiny-tribble.tlog\link.10820-cvtres.read.1.tlog
c:\users\larsoe4\documents\shiny-tribble\shiny-tribble\debug\shiny-tribble.tlog\link.10820-cvtres.write.1.tlog
c:\users\larsoe4\documents\shiny-tribble\shiny-tribble\debug\shiny-tribble.tlog\link.10820-rc.read.1.tlog
c:\users\larsoe4\documents\shiny-tribble\shiny-tribble\debug\shiny-tribble.tlog\link.10820-rc.write.1.tlog
c:\users\larsoe4\documents\shiny-tribble\shiny-tribble\debug\shiny-tribble.tlog\link.10820.read.1.tlog
c:\users\larsoe4\documents\shiny-tribble\shiny-tribble\debug\shiny-tribble.tlog\link.10820.write.1.tlog
c:\users\larsoe4\documents\shiny-tribble\shiny-tribble\debug\shiny-tribble.tlog\link.command.1.tlog
c:\users\larsoe4\documents\shiny-tribble\shiny-tribble\debug\shiny-tribble.tlog\link.read.1.tlog
c:\users\larsoe4\documents\shiny-tribble\shiny-tribble\debug\shiny-tribble.tlog\link.write.1.tlog
